[2017-11-20 13:37:06,338] FATAL Fatal error during KafkaServer startup. Prepare to shutdown (kafka.server.KafkaServer)
org.I0Itec.zkclient.exception.ZkException: Unable to connect to zk-0.zk-svc.default.svc.cluster.local:2181,zk-1.zk-svc.default.svc.cluster.local:2181,zk-2.zk-svc.default.svc.cluster.local:2181
	at org.I0Itec.zkclient.ZkConnection.connect(ZkConnection.java:72)
	at org.I0Itec.zkclient.ZkClient.connect(ZkClient.java:1228)
	at org.I0Itec.zkclient.ZkClient.<init>(ZkClient.java:157)
	at org.I0Itec.zkclient.ZkClient.<init>(ZkClient.java:131)
	at kafka.utils.ZkUtils$.createZkClientAndConnection(ZkUtils.scala:79)
	at kafka.utils.ZkUtils$.apply(ZkUtils.scala:61)
	at kafka.server.KafkaServer.initZk(KafkaServer.scala:326)
	at kafka.server.KafkaServer.startup(KafkaServer.scala:187)
	at kafka.server.KafkaServerStartable.startup(KafkaServerStartable.scala:39)
	at kafka.Kafka$.main(Kafka.scala:67)
	at kafka.Kafka.main(Kafka.scala)
Caused by: java.net.UnknownHostException: zk-0.zk-svc.default.svc.cluster.local: Temporary failure in name resolution
	at java.net.Inet6AddressImpl.lookupAllHostAddr(Native Method)
	at java.net.InetAddress$2.lookupAllHostAddr(InetAddress.java:928)
	at java.net.InetAddress.getAddressesFromNameService(InetAddress.java:1323)
	at java.net.InetAddress.getAllByName0(InetAddress.java:1276)
	at java.net.InetAddress.getAllByName(InetAddress.java:1192)
	at java.net.InetAddress.getAllByName(InetAddress.java:1126)
	at org.apache.zookeeper.client.StaticHostProvider.<init>(StaticHostProvider.java:61)
	at org.apache.zookeeper.ZooKeeper.<init>(ZooKeeper.java:445)
	at org.apache.zookeeper.ZooKeeper.<init>(ZooKeeper.java:380)
	at org.I0Itec.zkclient.ZkConnection.connect(ZkConnection.java:70)
	... 10 more
[2017-11-20 13:37:06,341] INFO shutting down (kafka.server.KafkaServer)
[2017-11-20 13:37:06,345] INFO shut down completed (kafka.server.KafkaServer)
[2017-11-20 13:37:06,346] FATAL Fatal error during KafkaServerStartable startup. Prepare to shutdown (kafka.server.KafkaServerStartable)
org.I0Itec.zkclient.exception.ZkException: Unable to connect to zk-0.zk-svc.default.svc.cluster.local:2181,zk-1.zk-svc.default.svc.cluster.local:2181,zk-2.zk-svc.default.svc.cluster.local:2181
	at org.I0Itec.zkclient.ZkConnection.connect(ZkConnection.java:72)
	at org.I0Itec.zkclient.ZkClient.connect(ZkClient.java:1228)
	at org.I0Itec.zkclient.ZkClient.<init>(ZkClient.java:157)
	at org.I0Itec.zkclient.ZkClient.<init>(ZkClient.java:131)
	at kafka.utils.ZkUtils$.createZkClientAndConnection(ZkUtils.scala:79)
	at kafka.utils.ZkUtils$.apply(ZkUtils.scala:61)
	at kafka.server.KafkaServer.initZk(KafkaServer.scala:326)
	at kafka.server.KafkaServer.startup(KafkaServer.scala:187)
	at kafka.server.KafkaServerStartable.startup(KafkaServerStartable.scala:39)
	at kafka.Kafka$.main(Kafka.scala:67)
	at kafka.Kafka.main(Kafka.scala)
Caused by: java.net.UnknownHostException: zk-0.zk-svc.default.svc.cluster.local: Temporary failure in name resolution
	at java.net.Inet6AddressImpl.lookupAllHostAddr(Native Method)
	at java.net.InetAddress$2.lookupAllHostAddr(InetAddress.java:928)
	at java.net.InetAddress.getAddressesFromNameService(InetAddress.java:1323)
	at java.net.InetAddress.getAllByName0(InetAddress.java:1276)
	at java.net.InetAddress.getAllByName(InetAddress.java:1192)
	at java.net.InetAddress.getAllByName(InetAddress.java:1126)
	at org.apache.zookeeper.client.StaticHostProvider.<init>(StaticHostProvider.java:61)
	at org.apache.zookeeper.ZooKeeper.<init>(ZooKeeper.java:445)
	at org.apache.zookeeper.ZooKeeper.<init>(ZooKeeper.java:380)
	at org.I0Itec.zkclient.ZkConnection.connect(ZkConnection.java:70)
	... 10 more
[2017-11-20 13:37:06,348] INFO shutting down (kafka.server.KafkaServer)

